TN:
SF:controller\createProducts.js
FN:6,(anonymous_0)
FNF:1
FNH:1
FNDA:2,(anonymous_0)
DA:1,1
DA:2,1
DA:3,1
DA:4,1
DA:6,1
DA:7,2
DA:8,2
DA:9,1
DA:11,1
DA:15,1
LF:10
LH:10
BRF:0
BRH:0
end_of_record
TN:
SF:controller\getProducts.js
FN:8,validateObjectId
FN:16,(anonymous_1)
FN:27,(anonymous_2)
FNF:3
FNH:3
FNDA:4,validateObjectId
FNDA:2,(anonymous_1)
FNDA:3,(anonymous_2)
DA:1,1
DA:2,1
DA:3,1
DA:4,1
DA:5,1
DA:9,4
DA:10,1
DA:12,3
DA:16,1
DA:17,2
DA:18,2
DA:19,1
DA:20,1
DA:22,1
DA:27,1
DA:28,3
DA:29,3
DA:30,2
DA:31,1
DA:33,1
DA:34,1
DA:36,1
DA:40,1
LF:23
LH:23
BRDA:9,0,0,1
BRDA:9,0,1,3
BRDA:30,1,0,1
BRDA:30,1,1,1
BRF:4
BRH:4
end_of_record
TN:
SF:guards\signProduct.js
FN:4,(anonymous_0)
FN:18,(anonymous_1)
FN:23,(anonymous_2)
FNF:3
FNH:3
FNDA:5,(anonymous_0)
FNDA:3,(anonymous_1)
FNDA:2,(anonymous_2)
DA:1,2
DA:2,2
DA:4,2
DA:5,5
DA:6,5
DA:7,5
DA:9,5
DA:10,1
DA:13,4
DA:14,4
DA:15,4
DA:18,2
DA:19,3
DA:20,1
DA:22,2
DA:24,2
DA:30,2
LF:17
LH:17
BRDA:9,0,0,1
BRDA:9,0,1,4
BRDA:9,1,0,5
BRDA:9,1,1,4
BRDA:9,1,2,4
BRDA:19,2,0,1
BRDA:19,2,1,2
BRF:7
BRH:7
end_of_record
TN:
SF:model\product.js
FNF:0
FNH:0
DA:1,4
DA:3,4
DA:26,4
LF:3
LH:3
BRF:0
BRH:0
end_of_record
