TN:
SF:index.js
FNF:0
FNH:0
DA:1,1
DA:2,1
DA:3,1
DA:4,1
DA:5,1
DA:6,1
DA:9,1
DA:10,1
DA:12,1
DA:14,1
DA:17,1
DA:18,1
DA:20,1
DA:21,1
DA:23,1
DA:24,1
DA:26,1
DA:27,1
DA:30,1
LF:19
LH:19
BRF:0
BRH:0
end_of_record
TN:
SF:controller/createProducts.js
FN:6,(anonymous_0)
FNF:1
FNH:1
FNDA:2,(anonymous_0)
DA:1,2
DA:2,2
DA:3,2
DA:4,2
DA:6,2
DA:7,2
DA:8,2
DA:9,1
DA:11,1
DA:15,2
LF:10
LH:10
BRF:0
BRH:0
end_of_record
TN:
SF:controller/deleteProducts.js
FN:7,validateObjectId
FN:14,(anonymous_1)
FNF:2
FNH:2
FNDA:5,validateObjectId
FNDA:3,(anonymous_1)
DA:1,2
DA:2,2
DA:3,2
DA:4,2
DA:5,2
DA:8,5
DA:9,1
DA:11,4
DA:14,2
DA:15,3
DA:16,3
DA:19,3
DA:21,2
DA:22,1
DA:25,1
DA:30,1
DA:31,0
DA:33,1
DA:37,2
LF:19
LH:18
BRDA:8,0,0,1
BRDA:8,0,1,4
BRDA:21,1,0,1
BRDA:21,1,1,1
BRDA:30,2,0,0
BRDA:30,2,1,1
BRF:6
BRH:5
end_of_record
TN:
SF:controller/getProducts.js
FN:8,validateObjectId
FN:16,(anonymous_1)
FN:27,(anonymous_2)
FNF:3
FNH:3
FNDA:4,validateObjectId
FNDA:2,(anonymous_1)
FNDA:3,(anonymous_2)
DA:1,2
DA:2,2
DA:3,2
DA:4,2
DA:5,2
DA:9,4
DA:10,1
DA:12,3
DA:16,2
DA:17,2
DA:18,2
DA:19,1
DA:20,1
DA:22,1
DA:27,2
DA:28,3
DA:29,3
DA:30,2
DA:31,1
DA:33,1
DA:34,1
DA:36,1
DA:40,2
LF:23
LH:23
BRDA:9,0,0,1
BRDA:9,0,1,3
BRDA:30,1,0,1
BRDA:30,1,1,1
BRF:4
BRH:4
end_of_record
TN:
SF:controller/updateProducts.js
FN:7,validateObjectId
FN:14,(anonymous_1)
FNF:2
FNH:2
FNDA:6,validateObjectId
FNDA:4,(anonymous_1)
DA:1,2
DA:2,2
DA:3,2
DA:4,2
DA:5,2
DA:8,6
DA:9,1
DA:11,5
DA:14,2
DA:15,4
DA:16,4
DA:17,4
DA:20,4
DA:21,4
DA:22,1
DA:26,3
DA:32,1
DA:34,2
DA:35,0
DA:37,2
DA:38,1
DA:40,1
DA:44,2
LF:23
LH:22
BRDA:8,0,0,1
BRDA:8,0,1,5
BRDA:21,1,0,1
BRDA:21,1,1,3
BRDA:34,2,0,0
BRDA:34,2,1,2
BRDA:37,3,0,1
BRDA:37,3,1,1
BRF:8
BRH:7
end_of_record
TN:
SF:guards/permissionGuard.js
FN:4,(anonymous_0)
FN:8,(anonymous_1)
FN:9,(anonymous_2)
FN:20,(anonymous_3)
FN:26,(anonymous_4)
FN:30,(anonymous_5)
FN:42,(anonymous_6)
FNF:7
FNH:7
FNDA:6,(anonymous_0)
FNDA:9,(anonymous_1)
FNDA:9,(anonymous_2)
FNDA:7,(anonymous_3)
FNDA:5,(anonymous_4)
FNDA:6,(anonymous_5)
FNDA:1,(anonymous_6)
DA:1,1
DA:2,1
DA:4,1
DA:5,6
DA:8,1
DA:9,9
DA:10,9
DA:11,9
DA:12,1
DA:15,8
DA:16,8
DA:17,1
DA:20,7
DA:21,7
DA:22,1
DA:25,6
DA:28,5
DA:29,5
DA:30,5
DA:31,6
DA:34,5
DA:35,3
DA:36,3
DA:38,2
DA:43,1
DA:50,1
LF:26
LH:26
BRDA:11,0,0,1
BRDA:11,0,1,8
BRDA:16,1,0,1
BRDA:16,1,1,7
BRDA:21,2,0,1
BRDA:21,2,1,6
BRDA:28,3,0,5
BRDA:28,3,1,1
BRDA:34,4,0,3
BRDA:34,4,1,2
BRDA:34,5,0,5
BRDA:34,5,1,4
BRF:12
BRH:12
end_of_record
TN:
SF:guards/signProduct.js
FN:4,(anonymous_0)
FN:18,(anonymous_1)
FN:23,(anonymous_2)
FNF:3
FNH:3
FNDA:5,(anonymous_0)
FNDA:3,(anonymous_1)
FNDA:2,(anonymous_2)
DA:1,3
DA:2,3
DA:4,3
DA:5,5
DA:6,5
DA:7,5
DA:9,5
DA:10,1
DA:13,4
DA:14,4
DA:15,4
DA:18,3
DA:19,3
DA:20,1
DA:22,2
DA:24,2
DA:30,3
LF:17
LH:17
BRDA:9,0,0,1
BRDA:9,0,1,4
BRDA:9,1,0,5
BRDA:9,1,1,4
BRDA:9,1,2,4
BRDA:19,2,0,1
BRDA:19,2,1,2
BRF:7
BRH:7
end_of_record
TN:
SF:model/product.js
FNF:0
FNH:0
DA:1,5
DA:3,5
DA:26,5
LF:3
LH:3
BRF:0
BRH:0
end_of_record
